[2020-11-26 01:08:13] cf7-cleverreach.INFO: Scheduled RefreshToken [] []
[2020-11-26 01:08:14] cf7-cleverreach.INFO: Refreshing API token. [] []
[2020-12-03 01:21:42] cf7-cleverreach.INFO: Refreshing API token. [] []
[2020-12-10 01:09:36] cf7-cleverreach.INFO: Refreshing API token. [] []
[2020-12-17 01:13:25] cf7-cleverreach.INFO: Refreshing API token. [] []
[2020-12-17 01:13:38] cf7-cleverreach.ERROR: Failed to refresh token. ["[object] (pxlrbt\\Cf7Cleverreach\\Vendor\\GuzzleHttp\\Exception\\ConnectException(code: 0): cURL error 52: Empty reply from server (see https://curl.haxx.se/libcurl/c/libcurl-errors.html) at /home/ethicals/public_html/wp-content/plugins/cf7-cleverreach-integration/vendor-prefixed/guzzlehttp/guzzle/src/Handler/CurlFactory.php:132)"] []
[2020-12-24 01:09:30] cf7-cleverreach.INFO: Refreshing API token. [] []
[2020-12-24 01:09:30] cf7-cleverreach.ERROR: Failed to refresh token. ["[object] (pxlrbt\\Cf7Cleverreach\\Vendor\\GuzzleHttp\\Exception\\ClientException(code: 400): Client error: `POST https://rest.cleverreach.com/oauth/token.php` resulted in a `400 Bad Request` response:\n{\"error\":\"invalid_grant\",\"error_description\":\"Invalid refresh token\"}\n at /home/ethicals/public_html/wp-content/plugins/cf7-cleverreach-integration/vendor-prefixed/guzzlehttp/guzzle/src/Exception/RequestException.php:76)"] []
[2020-12-30 19:49:57] cf7-cleverreach.ERROR: Client error: `POST https://rest.cleverreach.com/oauth/token.php` resulted in a `400 Bad Request` response: {"error":"invalid_grant","error_description":"Authorization code doesn't exist or is invalid for the client"}  ["[object] (pxlrbt\\Cf7Cleverreach\\Vendor\\GuzzleHttp\\Exception\\ClientException(code: 400): Client error: `POST https://rest.cleverreach.com/oauth/token.php` resulted in a `400 Bad Request` response:\n{\"error\":\"invalid_grant\",\"error_description\":\"Authorization code doesn't exist or is invalid for the client\"}\n at /home/ethicals/public_html/wp-content/plugins/cf7-cleverreach-integration/vendor-prefixed/guzzlehttp/guzzle/src/Exception/RequestException.php:76)"] []
[2020-12-31 01:34:35] cf7-cleverreach.INFO: Refreshing API token. [] []
[2020-12-31 01:34:36] cf7-cleverreach.ERROR: Failed to refresh token. ["[object] (pxlrbt\\Cf7Cleverreach\\Vendor\\GuzzleHttp\\Exception\\ClientException(code: 400): Client error: `POST https://rest.cleverreach.com/oauth/token.php` resulted in a `400 Bad Request` response:\n{\"error\":\"invalid_grant\",\"error_description\":\"Invalid refresh token\"}\n at /home/ethicals/public_html/wp-content/plugins/cf7-cleverreach-integration/vendor-prefixed/guzzlehttp/guzzle/src/Exception/RequestException.php:76)"] []
[2020-12-31 18:02:00] cf7-cleverreach.INFO: Scheduled RefreshToken [] []
[2020-12-31 18:02:02] cf7-cleverreach.INFO: Updated to version 1.1 [] []
[2020-12-31 18:02:04] cf7-cleverreach.INFO: Refreshing API token. [] []
[2021-01-07 01:11:30] cf7-cleverreach.INFO: Refreshing API token. [] []
[2021-01-07 01:11:31] cf7-cleverreach.ERROR: Failed to refresh token. ["[object] (pxlrbt\\Cf7Cleverreach\\Vendor\\GuzzleHttp\\Exception\\ClientException(code: 400): Client error: `POST https://rest.cleverreach.com/oauth/token.php` resulted in a `400 Bad Request` response:\n{\"error\":\"invalid_grant\",\"error_description\":\"Invalid refresh token\"}\n at /home/ethicals/public_html/wp-content/plugins/cf7-cleverreach-integration/vendor-prefixed/guzzlehttp/guzzle/src/Exception/RequestException.php:76)"] []
[2021-01-14 01:28:00] cf7-cleverreach.INFO: Refreshing API token. [] []
[2021-01-14 01:28:00] cf7-cleverreach.ERROR: Failed to refresh token. ["[object] (pxlrbt\\Cf7Cleverreach\\Vendor\\GuzzleHttp\\Exception\\ClientException(code: 400): Client error: `POST https://rest.cleverreach.com/oauth/token.php` resulted in a `400 Bad Request` response:\n{\"error\":\"invalid_grant\",\"error_description\":\"Invalid refresh token\"}\n at /home/ethicals/public_html/wp-content/plugins/cf7-cleverreach-integration/vendor-prefixed/guzzlehttp/guzzle/src/Exception/RequestException.php:76)"] []
[2021-01-21 01:14:59] cf7-cleverreach.INFO: Refreshing API token. [] []
[2021-01-21 01:15:00] cf7-cleverreach.ERROR: Failed to refresh token. ["[object] (pxlrbt\\Cf7Cleverreach\\Vendor\\GuzzleHttp\\Exception\\ClientException(code: 400): Client error: `POST https://rest.cleverreach.com/oauth/token.php` resulted in a `400 Bad Request` response:\n{\"error\":\"invalid_grant\",\"error_description\":\"Invalid refresh token\"}\n at /home/ethicals/public_html/wp-content/plugins/cf7-cleverreach-integration/vendor-prefixed/guzzlehttp/guzzle/src/Exception/RequestException.php:76)"] []
[2021-01-28 01:15:44] cf7-cleverreach.INFO: Refreshing API token. [] []
[2021-01-28 01:15:45] cf7-cleverreach.ERROR: Failed to refresh token. ["[object] (pxlrbt\\Cf7Cleverreach\\Vendor\\GuzzleHttp\\Exception\\ClientException(code: 400): Client error: `POST https://rest.cleverreach.com/oauth/token.php` resulted in a `400 Bad Request` response:\n{\"error\":\"invalid_grant\",\"error_description\":\"Invalid refresh token\"}\n at /home/ethicals/public_html/wp-content/plugins/cf7-cleverreach-integration/vendor-prefixed/guzzlehttp/guzzle/src/Exception/RequestException.php:76)"] []
[2021-02-04 01:09:44] cf7-cleverreach.INFO: Refreshing API token. [] []
[2021-02-04 01:09:45] cf7-cleverreach.ERROR: Failed to refresh token. ["[object] (pxlrbt\\Cf7Cleverreach\\Vendor\\GuzzleHttp\\Exception\\ClientException(code: 400): Client error: `POST https://rest.cleverreach.com/oauth/token.php` resulted in a `400 Bad Request` response:\n{\"error\":\"invalid_grant\",\"error_description\":\"Invalid refresh token\"}\n at /home/ethicals/public_html/wp-content/plugins/cf7-cleverreach-integration/vendor-prefixed/guzzlehttp/guzzle/src/Exception/RequestException.php:76)"] []
[2021-02-11 01:42:35] cf7-cleverreach.INFO: Refreshing API token. [] []
[2021-02-11 01:42:35] cf7-cleverreach.ERROR: Failed to refresh token. ["[object] (pxlrbt\\Cf7Cleverreach\\Vendor\\GuzzleHttp\\Exception\\ClientException(code: 400): Client error: `POST https://rest.cleverreach.com/oauth/token.php` resulted in a `400 Bad Request` response:\n{\"error\":\"invalid_grant\",\"error_description\":\"Invalid refresh token\"}\n at /home/ethicals/public_html/wp-content/plugins/cf7-cleverreach-integration/vendor-prefixed/guzzlehttp/guzzle/src/Exception/RequestException.php:76)"] []
[2021-02-18 01:12:30] cf7-cleverreach.INFO: Refreshing API token. [] []
[2021-02-18 01:12:30] cf7-cleverreach.ERROR: Failed to refresh token. ["[object] (pxlrbt\\Cf7Cleverreach\\Vendor\\GuzzleHttp\\Exception\\ClientException(code: 400): Client error: `POST https://rest.cleverreach.com/oauth/token.php` resulted in a `400 Bad Request` response:\n{\"error\":\"invalid_grant\",\"error_description\":\"Invalid refresh token\"}\n at /home/ethicals/public_html/wp-content/plugins/cf7-cleverreach-integration/vendor-prefixed/guzzlehttp/guzzle/src/Exception/RequestException.php:76)"] []
[2021-02-25 01:28:02] cf7-cleverreach.INFO: Refreshing API token. [] []
[2021-02-25 01:28:02] cf7-cleverreach.ERROR: Failed to refresh token. ["[object] (pxlrbt\\Cf7Cleverreach\\Vendor\\GuzzleHttp\\Exception\\ClientException(code: 400): Client error: `POST https://rest.cleverreach.com/oauth/token.php` resulted in a `400 Bad Request` response:\n{\"error\":\"invalid_grant\",\"error_description\":\"Invalid refresh token\"}\n at /home/ethicals/public_html/wp-content/plugins/cf7-cleverreach-integration/vendor-prefixed/guzzlehttp/guzzle/src/Exception/RequestException.php:76)"] []
[2021-03-04 01:33:47] cf7-cleverreach.INFO: Refreshing API token. [] []
[2021-03-04 01:33:48] cf7-cleverreach.ERROR: Failed to refresh token. ["[object] (pxlrbt\\Cf7Cleverreach\\Vendor\\GuzzleHttp\\Exception\\ClientException(code: 400): Client error: `POST https://rest.cleverreach.com/oauth/token.php` resulted in a `400 Bad Request` response:\n{\"error\":\"invalid_grant\",\"error_description\":\"Invalid refresh token\"}\n at /home/ethicals/public_html/wp-content/plugins/cf7-cleverreach-integration/vendor-prefixed/guzzlehttp/guzzle/src/Exception/RequestException.php:76)"] []
[2021-03-11 01:10:10] cf7-cleverreach.INFO: Refreshing API token. [] []
[2021-03-11 01:10:11] cf7-cleverreach.ERROR: Failed to refresh token. ["[object] (pxlrbt\\Cf7Cleverreach\\Vendor\\GuzzleHttp\\Exception\\ClientException(code: 400): Client error: `POST https://rest.cleverreach.com/oauth/token.php` resulted in a `400 Bad Request` response:\n{\"error\":\"invalid_grant\",\"error_description\":\"Invalid refresh token\"}\n at /home/ethicals/public_html/wp-content/plugins/cf7-cleverreach-integration/vendor-prefixed/guzzlehttp/guzzle/src/Exception/RequestException.php:76)"] []
[2021-03-18 01:23:36] cf7-cleverreach.INFO: Refreshing API token. [] []
[2021-03-18 01:23:36] cf7-cleverreach.ERROR: Failed to refresh token. ["[object] (pxlrbt\\Cf7Cleverreach\\Vendor\\GuzzleHttp\\Exception\\ClientException(code: 400): Client error: `POST https://rest.cleverreach.com/oauth/token.php` resulted in a `400 Bad Request` response:\n{\"error\":\"invalid_grant\",\"error_description\":\"Invalid refresh token\"}\n at /home/ethicals/public_html/wp-content/plugins/cf7-cleverreach-integration/vendor-prefixed/guzzlehttp/guzzle/src/Exception/RequestException.php:76)"] []
[2021-03-25 01:11:03] cf7-cleverreach.INFO: Refreshing API token. [] []
[2021-03-25 01:11:03] cf7-cleverreach.ERROR: Failed to refresh token. ["[object] (pxlrbt\\Cf7Cleverreach\\Vendor\\GuzzleHttp\\Exception\\ClientException(code: 400): Client error: `POST https://rest.cleverreach.com/oauth/token.php` resulted in a `400 Bad Request` response:\n{\"error\":\"invalid_grant\",\"error_description\":\"Invalid refresh token\"}\n at /home/ethicals/public_html/wp-content/plugins/cf7-cleverreach-integration/vendor-prefixed/guzzlehttp/guzzle/src/Exception/RequestException.php:76)"] []
[2021-04-01 01:17:07] cf7-cleverreach.INFO: Refreshing API token. [] []
[2021-04-01 01:17:08] cf7-cleverreach.ERROR: Failed to refresh token. ["[object] (pxlrbt\\Cf7Cleverreach\\Vendor\\GuzzleHttp\\Exception\\ClientException(code: 400): Client error: `POST https://rest.cleverreach.com/oauth/token.php` resulted in a `400 Bad Request` response:\n{\"error\":\"invalid_grant\",\"error_description\":\"Invalid refresh token\"}\n at /home/ethicals/public_html/wp-content/plugins/cf7-cleverreach-integration/vendor-prefixed/guzzlehttp/guzzle/src/Exception/RequestException.php:76)"] []
[2021-04-08 01:30:51] cf7-cleverreach.INFO: Refreshing API token. [] []
[2021-04-08 01:30:51] cf7-cleverreach.ERROR: Failed to refresh token. ["[object] (pxlrbt\\Cf7Cleverreach\\Vendor\\GuzzleHttp\\Exception\\ClientException(code: 400): Client error: `POST https://rest.cleverreach.com/oauth/token.php` resulted in a `400 Bad Request` response:\n{\"error\":\"invalid_grant\",\"error_description\":\"Invalid refresh token\"}\n at /home/ethicals/public_html/wp-content/plugins/cf7-cleverreach-integration/vendor-prefixed/guzzlehttp/guzzle/src/Exception/RequestException.php:76)"] []
[2021-04-15 01:57:15] cf7-cleverreach.INFO: Refreshing API token. [] []
[2021-04-15 01:57:16] cf7-cleverreach.ERROR: Failed to refresh token. ["[object] (pxlrbt\\Cf7Cleverreach\\Vendor\\GuzzleHttp\\Exception\\ClientException(code: 400): Client error: `POST https://rest.cleverreach.com/oauth/token.php` resulted in a `400 Bad Request` response:\n{\"error\":\"invalid_grant\",\"error_description\":\"Invalid refresh token\"}\n at /home/ethicals/public_html/wp-content/plugins/cf7-cleverreach-integration/vendor-prefixed/guzzlehttp/guzzle/src/Exception/RequestException.php:76)"] []
[2021-04-22 01:11:14] cf7-cleverreach.INFO: Refreshing API token. [] []
[2021-04-22 01:11:15] cf7-cleverreach.ERROR: Failed to refresh token. ["[object] (pxlrbt\\Cf7Cleverreach\\Vendor\\GuzzleHttp\\Exception\\ClientException(code: 400): Client error: `POST https://rest.cleverreach.com/oauth/token.php` resulted in a `400 Bad Request` response:\n{\"error\":\"invalid_grant\",\"error_description\":\"Invalid refresh token\"}\n at /home/ethicals/public_html/wp-content/plugins/cf7-cleverreach-integration/vendor-prefixed/guzzlehttp/guzzle/src/Exception/RequestException.php:76)"] []
[2021-04-29 01:54:00] cf7-cleverreach.INFO: Refreshing API token. [] []
[2021-04-29 01:54:00] cf7-cleverreach.ERROR: Failed to refresh token. ["[object] (pxlrbt\\Cf7Cleverreach\\Vendor\\GuzzleHttp\\Exception\\ClientException(code: 400): Client error: `POST https://rest.cleverreach.com/oauth/token.php` resulted in a `400 Bad Request` response:\n{\"error\":\"invalid_grant\",\"error_description\":\"Invalid refresh token\"}\n at /home/ethicals/public_html/wp-content/plugins/cf7-cleverreach-integration/vendor-prefixed/guzzlehttp/guzzle/src/Exception/RequestException.php:76)"] []
[2021-05-06 01:26:50] cf7-cleverreach.INFO: Refreshing API token. [] []
[2021-05-06 01:26:51] cf7-cleverreach.ERROR: Failed to refresh token. ["[object] (pxlrbt\\Cf7Cleverreach\\Vendor\\GuzzleHttp\\Exception\\ClientException(code: 400): Client error: `POST https://rest.cleverreach.com/oauth/token.php` resulted in a `400 Bad Request` response:\n{\"error\":\"invalid_grant\",\"error_description\":\"Invalid refresh token\"}\n at /home/ethicals/public_html/wp-content/plugins/cf7-cleverreach-integration/vendor-prefixed/guzzlehttp/guzzle/src/Exception/RequestException.php:76)"] []
[2021-05-13 01:10:55] cf7-cleverreach.INFO: Refreshing API token. [] []
[2021-05-13 01:10:55] cf7-cleverreach.ERROR: Failed to refresh token. ["[object] (pxlrbt\\Cf7Cleverreach\\Vendor\\GuzzleHttp\\Exception\\ClientException(code: 400): Client error: `POST https://rest.cleverreach.com/oauth/token.php` resulted in a `400 Bad Request` response:\n{\"error\":\"invalid_grant\",\"error_description\":\"Invalid refresh token\"}\n at /home/ethicals/public_html/wp-content/plugins/cf7-cleverreach-integration/vendor-prefixed/guzzlehttp/guzzle/src/Exception/RequestException.php:76)"] []
[2021-05-13 18:03:18] cf7-cleverreach.INFO: Refreshing API token. [] []
[2021-05-20 01:15:14] cf7-cleverreach.INFO: Refreshing API token. [] []
[2021-05-20 01:15:14] cf7-cleverreach.ERROR: Failed to refresh token. ["[object] (pxlrbt\\Cf7Cleverreach\\Vendor\\GuzzleHttp\\Exception\\ClientException(code: 400): Client error: `POST https://rest.cleverreach.com/oauth/token.php` resulted in a `400 Bad Request` response:\n{\"error\":\"invalid_grant\",\"error_description\":\"Invalid refresh token\"}\n at /home/ethicals/public_html/wp-content/plugins/cf7-cleverreach-integration/vendor-prefixed/guzzlehttp/guzzle/src/Exception/RequestException.php:76)"] []
[2021-05-21 12:23:30] cf7-cleverreach.INFO: Refreshing API token. [] []
[2021-05-27 01:13:10] cf7-cleverreach.INFO: Refreshing API token. [] []
[2021-05-27 01:13:11] cf7-cleverreach.ERROR: Failed to refresh token. ["[object] (pxlrbt\\Cf7Cleverreach\\Vendor\\GuzzleHttp\\Exception\\ClientException(code: 400): Client error: `POST https://rest.cleverreach.com/oauth/token.php` resulted in a `400 Bad Request` response:\n{\"error\":\"invalid_grant\",\"error_description\":\"Invalid refresh token\"}\n at /home/ethicals/public_html/wp-content/plugins/cf7-cleverreach-integration/vendor-prefixed/guzzlehttp/guzzle/src/Exception/RequestException.php:76)"] []
[2021-05-27 18:02:03] cf7-cleverreach.INFO: Refreshing API token. [] []
[2021-06-03 01:10:04] cf7-cleverreach.INFO: Refreshing API token. [] []
[2021-06-03 01:10:04] cf7-cleverreach.ERROR: Failed to refresh token. ["[object] (pxlrbt\\Cf7Cleverreach\\Vendor\\GuzzleHttp\\Exception\\ClientException(code: 400): Client error: `POST https://rest.cleverreach.com/oauth/token.php` resulted in a `400 Bad Request` response:\n{\"error\":\"invalid_grant\",\"error_description\":\"Invalid refresh token\"}\n at /home/ethicals/public_html/wp-content/plugins/cf7-cleverreach-integration/vendor-prefixed/guzzlehttp/guzzle/src/Exception/RequestException.php:76)"] []
[2021-06-04 13:07:32] cf7-cleverreach.INFO: Refreshing API token. [] []
[2021-06-10 01:11:34] cf7-cleverreach.INFO: Refreshing API token. [] []
[2021-06-10 01:11:35] cf7-cleverreach.ERROR: Failed to refresh token. ["[object] (pxlrbt\\Cf7Cleverreach\\Vendor\\GuzzleHttp\\Exception\\ClientException(code: 400): Client error: `POST https://rest.cleverreach.com/oauth/token.php` resulted in a `400 Bad Request` response:\n{\"error\":\"invalid_grant\",\"error_description\":\"Invalid refresh token\"}\n at /home/ethicals/public_html/wp-content/plugins/cf7-cleverreach-integration/vendor-prefixed/guzzlehttp/guzzle/src/Exception/RequestException.php:76)"] []
[2021-06-10 18:57:26] cf7-cleverreach.INFO: Refreshing API token. [] []
[2021-06-17 01:10:15] cf7-cleverreach.INFO: Refreshing API token. [] []
[2021-06-17 01:10:16] cf7-cleverreach.ERROR: Failed to refresh token. ["[object] (pxlrbt\\Cf7Cleverreach\\Vendor\\GuzzleHttp\\Exception\\ClientException(code: 400): Client error: `POST https://rest.cleverreach.com/oauth/token.php` resulted in a `400 Bad Request` response:\n{\"error\":\"invalid_grant\",\"error_description\":\"Invalid refresh token\"}\n at /home/ethicals/public_html/wp-content/plugins/cf7-cleverreach-integration/vendor-prefixed/guzzlehttp/guzzle/src/Exception/RequestException.php:76)"] []
[2021-06-17 18:03:48] cf7-cleverreach.INFO: Refreshing API token. [] []
[2021-06-24 01:21:42] cf7-cleverreach.INFO: Refreshing API token. [] []
[2021-06-24 01:21:42] cf7-cleverreach.ERROR: Failed to refresh token. ["[object] (pxlrbt\\Cf7Cleverreach\\Vendor\\GuzzleHttp\\Exception\\ClientException(code: 400): Client error: `POST https://rest.cleverreach.com/oauth/token.php` resulted in a `400 Bad Request` response:\n{\"error\":\"invalid_grant\",\"error_description\":\"Invalid refresh token\"}\n at /home/ethicals/public_html/wp-content/plugins/cf7-cleverreach-integration/vendor-prefixed/guzzlehttp/guzzle/src/Exception/RequestException.php:76)"] []
[2021-06-27 16:36:31] cf7-cleverreach.INFO: Refreshing API token. [] []
[2021-07-01 01:08:21] cf7-cleverreach.INFO: Refreshing API token. [] []
[2021-07-01 01:08:22] cf7-cleverreach.ERROR: Failed to refresh token. ["[object] (pxlrbt\\Cf7Cleverreach\\Vendor\\GuzzleHttp\\Exception\\ClientException(code: 400): Client error: `POST https://rest.cleverreach.com/oauth/token.php` resulted in a `400 Bad Request` response:\n{\"error\":\"invalid_grant\",\"error_description\":\"Invalid refresh token\"}\n at /home/ethicals/public_html/wp-content/plugins/cf7-cleverreach-integration/vendor-prefixed/guzzlehttp/guzzle/src/Exception/RequestException.php:76)"] []
[2021-07-03 10:25:51] cf7-cleverreach.INFO: Refreshing API token. [] []
[2021-07-08 01:13:21] cf7-cleverreach.INFO: Refreshing API token. [] []
[2021-07-08 01:13:21] cf7-cleverreach.ERROR: Failed to refresh token. ["[object] (pxlrbt\\Cf7Cleverreach\\Vendor\\GuzzleHttp\\Exception\\ClientException(code: 400): Client error: `POST https://rest.cleverreach.com/oauth/token.php` resulted in a `400 Bad Request` response:\n{\"error\":\"invalid_grant\",\"error_description\":\"Invalid refresh token\"}\n at /home/ethicals/public_html/wp-content/plugins/cf7-cleverreach-integration/vendor-prefixed/guzzlehttp/guzzle/src/Exception/RequestException.php:76)"] []
[2021-07-08 22:18:36] cf7-cleverreach.INFO: Refreshing API token. [] []
[2021-07-15 01:19:56] cf7-cleverreach.INFO: Refreshing API token. [] []
[2021-07-15 01:19:57] cf7-cleverreach.ERROR: Failed to refresh token. ["[object] (pxlrbt\\Cf7Cleverreach\\Vendor\\GuzzleHttp\\Exception\\ClientException(code: 400): Client error: `POST https://rest.cleverreach.com/oauth/token.php` resulted in a `400 Bad Request` response:\n{\"error\":\"invalid_grant\",\"error_description\":\"Invalid refresh token\"}\n at /home/ethicals/public_html/wp-content/plugins/cf7-cleverreach-integration/vendor-prefixed/guzzlehttp/guzzle/src/Exception/RequestException.php:76)"] []
[2021-07-16 07:53:51] cf7-cleverreach.INFO: Refreshing API token. [] []
[2021-07-22 01:34:55] cf7-cleverreach.INFO: Refreshing API token. [] []
[2021-07-22 01:34:55] cf7-cleverreach.ERROR: Failed to refresh token. ["[object] (pxlrbt\\Cf7Cleverreach\\Vendor\\GuzzleHttp\\Exception\\ClientException(code: 400): Client error: `POST https://rest.cleverreach.com/oauth/token.php` resulted in a `400 Bad Request` response:\n{\"error\":\"invalid_grant\",\"error_description\":\"Invalid refresh token\"}\n at /home/ethicals/public_html/wp-content/plugins/cf7-cleverreach-integration/vendor-prefixed/guzzlehttp/guzzle/src/Exception/RequestException.php:76)"] []
[2021-07-22 23:07:00] cf7-cleverreach.INFO: Refreshing API token. [] []
[2021-07-29 01:08:39] cf7-cleverreach.INFO: Refreshing API token. [] []
[2021-07-29 01:08:39] cf7-cleverreach.ERROR: Failed to refresh token. ["[object] (pxlrbt\\Cf7Cleverreach\\Vendor\\GuzzleHttp\\Exception\\ClientException(code: 400): Client error: `POST https://rest.cleverreach.com/oauth/token.php` resulted in a `400 Bad Request` response:\n{\"error\":\"invalid_grant\",\"error_description\":\"Invalid refresh token\"}\n at /home/ethicals/public_html/wp-content/plugins/cf7-cleverreach-integration/vendor-prefixed/guzzlehttp/guzzle/src/Exception/RequestException.php:76)"] []
[2021-07-29 18:46:53] cf7-cleverreach.INFO: Refreshing API token. [] []
[2021-08-05 01:30:56] cf7-cleverreach.INFO: Refreshing API token. [] []
[2021-08-05 01:30:57] cf7-cleverreach.ERROR: Failed to refresh token. ["[object] (pxlrbt\\Cf7Cleverreach\\Vendor\\GuzzleHttp\\Exception\\ClientException(code: 400): Client error: `POST https://rest.cleverreach.com/oauth/token.php` resulted in a `400 Bad Request` response:\n{\"error\":\"invalid_grant\",\"error_description\":\"Invalid refresh token\"}\n at /home/ethicals/public_html/wp-content/plugins/cf7-cleverreach-integration/vendor-prefixed/guzzlehttp/guzzle/src/Exception/RequestException.php:76)"] []
[2021-08-05 23:33:02] cf7-cleverreach.INFO: Refreshing API token. [] []
[2021-08-12 01:10:08] cf7-cleverreach.INFO: Refreshing API token. [] []
[2021-08-12 01:10:09] cf7-cleverreach.ERROR: Failed to refresh token. ["[object] (pxlrbt\\Cf7Cleverreach\\Vendor\\GuzzleHttp\\Exception\\ClientException(code: 400): Client error: `POST https://rest.cleverreach.com/oauth/token.php` resulted in a `400 Bad Request` response:\n{\"error\":\"invalid_grant\",\"error_description\":\"Invalid refresh token\"}\n at /home/ethicals/public_html/wp-content/plugins/cf7-cleverreach-integration/vendor-prefixed/guzzlehttp/guzzle/src/Exception/RequestException.php:76)"] []
[2021-08-12 22:20:59] cf7-cleverreach.INFO: Refreshing API token. [] []
[2021-08-19 01:09:08] cf7-cleverreach.INFO: Refreshing API token. [] []
[2021-08-19 01:09:08] cf7-cleverreach.ERROR: Failed to refresh token. ["[object] (pxlrbt\\Cf7Cleverreach\\Vendor\\GuzzleHttp\\Exception\\ClientException(code: 400): Client error: `POST https://rest.cleverreach.com/oauth/token.php` resulted in a `400 Bad Request` response:\n{\"error\":\"invalid_grant\",\"error_description\":\"Invalid refresh token\"}\n at /home/ethicals/public_html/wp-content/plugins/cf7-cleverreach-integration/vendor-prefixed/guzzlehttp/guzzle/src/Exception/RequestException.php:76)"] []
[2021-08-19 22:10:33] cf7-cleverreach.INFO: Refreshing API token. [] []
[2021-08-26 01:09:22] cf7-cleverreach.INFO: Refreshing API token. [] []
[2021-08-26 01:09:22] cf7-cleverreach.ERROR: Failed to refresh token. ["[object] (pxlrbt\\Cf7Cleverreach\\Vendor\\GuzzleHttp\\Exception\\ClientException(code: 400): Client error: `POST https://rest.cleverreach.com/oauth/token.php` resulted in a `400 Bad Request` response:\n{\"error\":\"invalid_grant\",\"error_description\":\"Invalid refresh token\"}\n at /home/ethicals/public_html/wp-content/plugins/cf7-cleverreach-integration/vendor-prefixed/guzzlehttp/guzzle/src/Exception/RequestException.php:76)"] []
[2021-08-27 01:55:22] cf7-cleverreach.INFO: Refreshing API token. [] []
[2021-09-02 01:10:02] cf7-cleverreach.INFO: Refreshing API token. [] []
[2021-09-02 01:10:02] cf7-cleverreach.ERROR: Failed to refresh token. ["[object] (pxlrbt\\Cf7Cleverreach\\Vendor\\GuzzleHttp\\Exception\\ClientException(code: 400): Client error: `POST https://rest.cleverreach.com/oauth/token.php` resulted in a `400 Bad Request` response:\n{\"error\":\"invalid_grant\",\"error_description\":\"Invalid refresh token\"}\n at /home/ethicals/public_html/wp-content/plugins/cf7-cleverreach-integration/vendor-prefixed/guzzlehttp/guzzle/src/Exception/RequestException.php:76)"] []
[2021-09-03 16:20:39] cf7-cleverreach.INFO: Refreshing API token. [] []
[2021-09-09 01:09:37] cf7-cleverreach.INFO: Refreshing API token. [] []
[2021-09-09 01:09:38] cf7-cleverreach.ERROR: Failed to refresh token. ["[object] (pxlrbt\\Cf7Cleverreach\\Vendor\\GuzzleHttp\\Exception\\ClientException(code: 400): Client error: `POST https://rest.cleverreach.com/oauth/token.php` resulted in a `400 Bad Request` response:\n{\"error\":\"invalid_grant\",\"error_description\":\"Invalid refresh token\"}\n at /home/ethicals/public_html/wp-content/plugins/cf7-cleverreach-integration/vendor-prefixed/guzzlehttp/guzzle/src/Exception/RequestException.php:76)"] []
[2021-09-10 08:46:56] cf7-cleverreach.INFO: Refreshing API token. [] []
[2021-09-16 01:18:13] cf7-cleverreach.INFO: Refreshing API token. [] []
[2021-09-16 01:18:13] cf7-cleverreach.ERROR: Failed to refresh token. ["[object] (pxlrbt\\Cf7Cleverreach\\Vendor\\GuzzleHttp\\Exception\\ClientException(code: 400): Client error: `POST https://rest.cleverreach.com/oauth/token.php` resulted in a `400 Bad Request` response:\n{\"error\":\"invalid_grant\",\"error_description\":\"Invalid refresh token\"}\n at /home/ethicals/public_html/wp-content/plugins/cf7-cleverreach-integration/vendor-prefixed/guzzlehttp/guzzle/src/Exception/RequestException.php:76)"] []
[2021-09-17 16:05:16] cf7-cleverreach.INFO: Refreshing API token. [] []
[2021-09-23 01:35:13] cf7-cleverreach.INFO: Refreshing API token. [] []
[2021-09-23 01:35:13] cf7-cleverreach.ERROR: Failed to refresh token. ["[object] (pxlrbt\\Cf7Cleverreach\\Vendor\\GuzzleHttp\\Exception\\ClientException(code: 400): Client error: `POST https://rest.cleverreach.com/oauth/token.php` resulted in a `400 Bad Request` response:\n{\"error\":\"invalid_grant\",\"error_description\":\"Invalid refresh token\"}\n at /home/ethicals/public_html/wp-content/plugins/cf7-cleverreach-integration/vendor-prefixed/guzzlehttp/guzzle/src/Exception/RequestException.php:76)"] []
[2021-09-23 21:10:54] cf7-cleverreach.INFO: Refreshing API token. [] []
[2021-09-30 01:13:01] cf7-cleverreach.INFO: Refreshing API token. [] []
[2021-09-30 01:13:02] cf7-cleverreach.ERROR: Failed to refresh token. ["[object] (pxlrbt\\Cf7Cleverreach\\Vendor\\GuzzleHttp\\Exception\\ClientException(code: 400): Client error: `POST https://rest.cleverreach.com/oauth/token.php` resulted in a `400 Bad Request` response:\n{\"error\":\"invalid_grant\",\"error_description\":\"Invalid refresh token\"}\n at /home/ethicals/public_html/wp-content/plugins/cf7-cleverreach-integration/vendor-prefixed/guzzlehttp/guzzle/src/Exception/RequestException.php:76)"] []
[2021-09-30 23:01:46] cf7-cleverreach.INFO: Refreshing API token. [] []
[2021-10-07 01:11:55] cf7-cleverreach.INFO: Refreshing API token. [] []
[2021-10-07 01:11:56] cf7-cleverreach.ERROR: Failed to refresh token. ["[object] (pxlrbt\\Cf7Cleverreach\\Vendor\\GuzzleHttp\\Exception\\ClientException(code: 400): Client error: `POST https://rest.cleverreach.com/oauth/token.php` resulted in a `400 Bad Request` response:\n{\"error\":\"invalid_grant\",\"error_description\":\"Invalid refresh token\"}\n at /home/ethicals/public_html/wp-content/plugins/cf7-cleverreach-integration/vendor-prefixed/guzzlehttp/guzzle/src/Exception/RequestException.php:76)"] []
[2021-10-08 03:20:46] cf7-cleverreach.INFO: Refreshing API token. [] []
[2021-10-14 02:09:51] cf7-cleverreach.INFO: Refreshing API token. [] []
[2021-10-14 02:09:53] cf7-cleverreach.ERROR: Failed to refresh token. ["[object] (pxlrbt\\Cf7Cleverreach\\Vendor\\GuzzleHttp\\Exception\\ClientException(code: 400): Client error: `POST https://rest.cleverreach.com/oauth/token.php` resulted in a `400 Bad Request` response:\n{\"error\":\"invalid_grant\",\"error_description\":\"Invalid refresh token\"}\n at /home/ethicals/public_html/wp-content/plugins/cf7-cleverreach-integration/vendor-prefixed/guzzlehttp/guzzle/src/Exception/RequestException.php:76)"] []
[2021-10-14 21:53:41] cf7-cleverreach.INFO: Refreshing API token. [] []
[2021-10-21 01:08:24] cf7-cleverreach.INFO: Refreshing API token. [] []
[2021-10-21 01:08:25] cf7-cleverreach.ERROR: Failed to refresh token. ["[object] (pxlrbt\\Cf7Cleverreach\\Vendor\\GuzzleHttp\\Exception\\ClientException(code: 400): Client error: `POST https://rest.cleverreach.com/oauth/token.php` resulted in a `400 Bad Request` response:\n{\"error\":\"invalid_grant\",\"error_description\":\"Invalid refresh token\"}\n at /home/ethicals/public_html/wp-content/plugins/cf7-cleverreach-integration/vendor-prefixed/guzzlehttp/guzzle/src/Exception/RequestException.php:76)"] []
[2021-10-21 20:35:06] cf7-cleverreach.INFO: Refreshing API token. [] []
[2021-10-28 01:13:02] cf7-cleverreach.INFO: Refreshing API token. [] []
[2021-10-28 01:13:02] cf7-cleverreach.ERROR: Failed to refresh token. ["[object] (pxlrbt\\Cf7Cleverreach\\Vendor\\GuzzleHttp\\Exception\\ClientException(code: 400): Client error: `POST https://rest.cleverreach.com/oauth/token.php` resulted in a `400 Bad Request` response:\n{\"error\":\"invalid_grant\",\"error_description\":\"Invalid refresh token\"}\n at /home/ethicals/public_html/wp-content/plugins/cf7-cleverreach-integration/vendor-prefixed/guzzlehttp/guzzle/src/Exception/RequestException.php:76)"] []
[2021-10-29 06:51:25] cf7-cleverreach.INFO: Refreshing API token. [] []
[2021-11-04 01:30:57] cf7-cleverreach.INFO: Refreshing API token. [] []
[2021-11-04 01:30:57] cf7-cleverreach.ERROR: Failed to refresh token. ["[object] (pxlrbt\\Cf7Cleverreach\\Vendor\\GuzzleHttp\\Exception\\ClientException(code: 400): Client error: `POST https://rest.cleverreach.com/oauth/token.php` resulted in a `400 Bad Request` response:\n{\"error\":\"invalid_grant\",\"error_description\":\"Invalid refresh token\"}\n at /home/ethicals/public_html/wp-content/plugins/cf7-cleverreach-integration/vendor-prefixed/guzzlehttp/guzzle/src/Exception/RequestException.php:76)"] []
[2021-11-04 18:35:35] cf7-cleverreach.INFO: Refreshing API token. [] []
[2021-11-11 01:11:40] cf7-cleverreach.INFO: Refreshing API token. [] []
[2021-11-11 01:11:41] cf7-cleverreach.ERROR: Failed to refresh token. ["[object] (pxlrbt\\Cf7Cleverreach\\Vendor\\GuzzleHttp\\Exception\\ClientException(code: 400): Client error: `POST https://rest.cleverreach.com/oauth/token.php` resulted in a `400 Bad Request` response:\n{\"error\":\"invalid_grant\",\"error_description\":\"Invalid refresh token\"}\n at /home/ethicals/public_html/wp-content/plugins/cf7-cleverreach-integration/vendor-prefixed/guzzlehttp/guzzle/src/Exception/RequestException.php:76)"] []
[2021-11-11 20:14:40] cf7-cleverreach.INFO: Refreshing API token. [] []
[2021-11-18 01:14:19] cf7-cleverreach.INFO: Refreshing API token. [] []
[2021-11-18 01:14:20] cf7-cleverreach.ERROR: Failed to refresh token. ["[object] (pxlrbt\\Cf7Cleverreach\\Vendor\\GuzzleHttp\\Exception\\ClientException(code: 400): Client error: `POST https://rest.cleverreach.com/oauth/token.php` resulted in a `400 Bad Request` response:\n{\"error\":\"invalid_grant\",\"error_description\":\"Invalid refresh token\"}\n at /home/ethicals/public_html/wp-content/plugins/cf7-cleverreach-integration/vendor-prefixed/guzzlehttp/guzzle/src/Exception/RequestException.php:76)"] []
[2021-11-19 08:55:12] cf7-cleverreach.INFO: Refreshing API token. [] []
[2021-11-25 01:11:32] cf7-cleverreach.INFO: Refreshing API token. [] []
[2021-11-25 01:11:32] cf7-cleverreach.ERROR: Failed to refresh token. ["[object] (pxlrbt\\Cf7Cleverreach\\Vendor\\GuzzleHttp\\Exception\\ClientException(code: 400): Client error: `POST https://rest.cleverreach.com/oauth/token.php` resulted in a `400 Bad Request` response:\n{\"error\":\"invalid_grant\",\"error_description\":\"Invalid refresh token\"}\n at /home/ethicals/public_html/wp-content/plugins/cf7-cleverreach-integration/vendor-prefixed/guzzlehttp/guzzle/src/Exception/RequestException.php:76)"] []
[2021-11-26 09:40:52] cf7-cleverreach.INFO: Refreshing API token. [] []
[2021-12-02 01:17:38] cf7-cleverreach.INFO: Refreshing API token. [] []
[2021-12-02 01:17:39] cf7-cleverreach.ERROR: Failed to refresh token. ["[object] (pxlrbt\\Cf7Cleverreach\\Vendor\\GuzzleHttp\\Exception\\ClientException(code: 400): Client error: `POST https://rest.cleverreach.com/oauth/token.php` resulted in a `400 Bad Request` response:\n{\"error\":\"invalid_grant\",\"error_description\":\"Invalid refresh token\"}\n at /home/ethicals/public_html/wp-content/plugins/cf7-cleverreach-integration/vendor-prefixed/guzzlehttp/guzzle/src/Exception/RequestException.php:76)"] []
[2021-12-03 12:52:15] cf7-cleverreach.INFO: Refreshing API token. [] []
[2021-12-09 01:45:51] cf7-cleverreach.INFO: Refreshing API token. [] []
[2021-12-09 01:45:52] cf7-cleverreach.ERROR: Failed to refresh token. ["[object] (pxlrbt\\Cf7Cleverreach\\Vendor\\GuzzleHttp\\Exception\\ClientException(code: 400): Client error: `POST https://rest.cleverreach.com/oauth/token.php` resulted in a `400 Bad Request` response:\n{\"error\":\"invalid_grant\",\"error_description\":\"Invalid refresh token\"}\n at /home/ethicals/public_html/wp-content/plugins/cf7-cleverreach-integration/vendor-prefixed/guzzlehttp/guzzle/src/Exception/RequestException.php:76)"] []
[2021-12-10 00:51:14] cf7-cleverreach.INFO: Refreshing API token. [] []
[2021-12-16 01:56:53] cf7-cleverreach.INFO: Refreshing API token. [] []
[2021-12-16 01:56:54] cf7-cleverreach.ERROR: Failed to refresh token. ["[object] (pxlrbt\\Cf7Cleverreach\\Vendor\\GuzzleHttp\\Exception\\ClientException(code: 400): Client error: `POST https://rest.cleverreach.com/oauth/token.php` resulted in a `400 Bad Request` response:\n{\"error\":\"invalid_grant\",\"error_description\":\"Invalid refresh token\"}\n at /home/ethicals/public_html/wp-content/plugins/cf7-cleverreach-integration/vendor-prefixed/guzzlehttp/guzzle/src/Exception/RequestException.php:76)"] []
[2021-12-16 22:05:55] cf7-cleverreach.INFO: Refreshing API token. [] []
[2021-12-17 10:05:44] cf7-cleverreach.ERROR: Failed adding/updating user. {"message":"Client error: `POST https://rest.cleverreach.com/v2/receivers/filter.json` resulted in a `401 Unauthorized` response:\n{\"error\":{\"code\":401,\"message\":\"Unauthorized: token expired\"}}\n","data":{"email":"foo-bar@example.com","listId":"510250","tags":["NewsletterEN"],"doubleOptIn":true,"source":"Signup Form","attributes":[],"globalAttributes":[]}} []
[2021-12-23 01:40:40] cf7-cleverreach.INFO: Refreshing API token. [] []
[2021-12-23 01:40:40] cf7-cleverreach.ERROR: Failed to refresh token. ["[object] (pxlrbt\\Cf7Cleverreach\\Vendor\\GuzzleHttp\\Exception\\ClientException(code: 400): Client error: `POST https://rest.cleverreach.com/oauth/token.php` resulted in a `400 Bad Request` response:\n{\"error\":\"invalid_grant\",\"error_description\":\"Invalid refresh token\"}\n at /home/ethicals/public_html/wp-content/plugins/cf7-cleverreach-integration/vendor-prefixed/guzzlehttp/guzzle/src/Exception/RequestException.php:76)"] []
[2021-12-24 07:47:28] cf7-cleverreach.INFO: Refreshing API token. [] []
[2021-12-30 01:31:45] cf7-cleverreach.INFO: Refreshing API token. [] []
[2021-12-30 01:31:46] cf7-cleverreach.ERROR: Failed to refresh token. ["[object] (pxlrbt\\Cf7Cleverreach\\Vendor\\GuzzleHttp\\Exception\\ClientException(code: 400): Client error: `POST https://rest.cleverreach.com/oauth/token.php` resulted in a `400 Bad Request` response:\n{\"error\":\"invalid_grant\",\"error_description\":\"Invalid refresh token\"}\n at /home/ethicals/public_html/wp-content/plugins/cf7-cleverreach-integration/vendor-prefixed/guzzlehttp/guzzle/src/Exception/RequestException.php:76)"] []
[2021-12-30 20:09:15] cf7-cleverreach.INFO: Refreshing API token. [] []
[2022-01-06 01:10:09] cf7-cleverreach.INFO: Refreshing API token. [] []
[2022-01-06 01:10:09] cf7-cleverreach.ERROR: Failed to refresh token. ["[object] (pxlrbt\\Cf7Cleverreach\\Vendor\\GuzzleHttp\\Exception\\ClientException(code: 400): Client error: `POST https://rest.cleverreach.com/oauth/token.php` resulted in a `400 Bad Request` response:\n{\"error\":\"invalid_grant\",\"error_description\":\"Invalid refresh token\"}\n at /home/ethicals/public_html/wp-content/plugins/cf7-cleverreach-integration/vendor-prefixed/guzzlehttp/guzzle/src/Exception/RequestException.php:76)"] []
[2022-01-07 10:36:00] cf7-cleverreach.INFO: Refreshing API token. [] []
[2022-01-13 01:11:37] cf7-cleverreach.INFO: Refreshing API token. [] []
[2022-01-13 01:11:37] cf7-cleverreach.ERROR: Failed to refresh token. ["[object] (pxlrbt\\Cf7Cleverreach\\Vendor\\GuzzleHttp\\Exception\\ClientException(code: 400): Client error: `POST https://rest.cleverreach.com/oauth/token.php` resulted in a `400 Bad Request` response:\n{\"error\":\"invalid_grant\",\"error_description\":\"Invalid refresh token\"}\n at /home/ethicals/public_html/wp-content/plugins/cf7-cleverreach-integration/vendor-prefixed/guzzlehttp/guzzle/src/Exception/RequestException.php:76)"] []
[2022-01-14 11:23:30] cf7-cleverreach.INFO: Refreshing API token. [] []
[2022-01-20 01:17:30] cf7-cleverreach.INFO: Refreshing API token. [] []
[2022-01-20 01:17:30] cf7-cleverreach.ERROR: Failed to refresh token. ["[object] (pxlrbt\\Cf7Cleverreach\\Vendor\\GuzzleHttp\\Exception\\ClientException(code: 400): Client error: `POST https://rest.cleverreach.com/oauth/token.php` resulted in a `400 Bad Request` response:\n{\"error\":\"invalid_grant\",\"error_description\":\"Invalid refresh token\"}\n at /home/ethicals/public_html/wp-content/plugins/cf7-cleverreach-integration/vendor-prefixed/guzzlehttp/guzzle/src/Exception/RequestException.php:76)"] []
[2022-01-20 18:22:19] cf7-cleverreach.INFO: Refreshing API token. [] []
[2022-01-27 01:52:34] cf7-cleverreach.INFO: Refreshing API token. [] []
[2022-01-27 01:52:34] cf7-cleverreach.ERROR: Failed to refresh token. ["[object] (pxlrbt\\Cf7Cleverreach\\Vendor\\GuzzleHttp\\Exception\\ClientException(code: 400): Client error: `POST https://rest.cleverreach.com/oauth/token.php` resulted in a `400 Bad Request` response:\n{\"error\":\"invalid_grant\",\"error_description\":\"Invalid refresh token\"}\n at /home/ethicals/public_html/wp-content/plugins/cf7-cleverreach-integration/vendor-prefixed/guzzlehttp/guzzle/src/Exception/RequestException.php:76)"] []
[2022-01-28 03:01:13] cf7-cleverreach.INFO: Refreshing API token. [] []
[2022-02-03 01:25:40] cf7-cleverreach.INFO: Refreshing API token. [] []
[2022-02-03 01:25:40] cf7-cleverreach.ERROR: Failed to refresh token. ["[object] (pxlrbt\\Cf7Cleverreach\\Vendor\\GuzzleHttp\\Exception\\ClientException(code: 400): Client error: `POST https://rest.cleverreach.com/oauth/token.php` resulted in a `400 Bad Request` response:\n{\"error\":\"invalid_grant\",\"error_description\":\"Invalid refresh token\"}\n at /home/ethicals/public_html/wp-content/plugins/cf7-cleverreach-integration/vendor-prefixed/guzzlehttp/guzzle/src/Exception/RequestException.php:76)"] []
[2022-02-03 21:38:43] cf7-cleverreach.INFO: Refreshing API token. [] []
[2022-02-10 01:18:32] cf7-cleverreach.INFO: Refreshing API token. [] []
[2022-02-10 01:18:33] cf7-cleverreach.ERROR: Failed to refresh token. ["[object] (pxlrbt\\Cf7Cleverreach\\Vendor\\GuzzleHttp\\Exception\\ClientException(code: 400): Client error: `POST https://rest.cleverreach.com/oauth/token.php` resulted in a `400 Bad Request` response:\n{\"error\":\"invalid_grant\",\"error_description\":\"Invalid refresh token\"}\n at /home/ethicals/public_html/wp-content/plugins/cf7-cleverreach-integration/vendor-prefixed/guzzlehttp/guzzle/src/Exception/RequestException.php:76)"] []
[2022-02-11 19:13:02] cf7-cleverreach.INFO: Refreshing API token. [] []
[2022-02-17 01:49:16] cf7-cleverreach.INFO: Refreshing API token. [] []
[2022-02-17 01:49:17] cf7-cleverreach.ERROR: Failed to refresh token. ["[object] (pxlrbt\\Cf7Cleverreach\\Vendor\\GuzzleHttp\\Exception\\ClientException(code: 400): Client error: `POST https://rest.cleverreach.com/oauth/token.php` resulted in a `400 Bad Request` response:\n{\"error\":\"invalid_grant\",\"error_description\":\"Invalid refresh token\"}\n at /home/ethicals/public_html/wp-content/plugins/cf7-cleverreach-integration/vendor-prefixed/guzzlehttp/guzzle/src/Exception/RequestException.php:76)"] []
[2022-02-17 18:16:05] cf7-cleverreach.INFO: Refreshing API token. [] []
[2022-02-24 01:27:50] cf7-cleverreach.INFO: Refreshing API token. [] []
[2022-02-24 01:27:50] cf7-cleverreach.ERROR: Failed to refresh token. ["[object] (pxlrbt\\Cf7Cleverreach\\Vendor\\GuzzleHttp\\Exception\\ClientException(code: 400): Client error: `POST https://rest.cleverreach.com/oauth/token.php` resulted in a `400 Bad Request` response:\n{\"error\":\"invalid_grant\",\"error_description\":\"Invalid refresh token\"}\n at /home/ethicals/public_html/wp-content/plugins/cf7-cleverreach-integration/vendor-prefixed/guzzlehttp/guzzle/src/Exception/RequestException.php:76)"] []
[2022-02-25 13:57:54] cf7-cleverreach.INFO: Refreshing API token. [] []
[2022-03-03 01:32:24] cf7-cleverreach.INFO: Refreshing API token. [] []
[2022-03-03 01:32:25] cf7-cleverreach.ERROR: Failed to refresh token. ["[object] (pxlrbt\\Cf7Cleverreach\\Vendor\\GuzzleHttp\\Exception\\ClientException(code: 400): Client error: `POST https://rest.cleverreach.com/oauth/token.php` resulted in a `400 Bad Request` response:\n{\"error\":\"invalid_grant\",\"error_description\":\"Invalid refresh token\"}\n at /home/ethicals/public_html/wp-content/plugins/cf7-cleverreach-integration/vendor-prefixed/guzzlehttp/guzzle/src/Exception/RequestException.php:76)"] []
[2022-03-04 04:47:04] cf7-cleverreach.INFO: Refreshing API token. [] []
[2022-03-10 01:47:25] cf7-cleverreach.INFO: Refreshing API token. [] []
[2022-03-10 01:47:25] cf7-cleverreach.ERROR: Failed to refresh token. ["[object] (pxlrbt\\Cf7Cleverreach\\Vendor\\GuzzleHttp\\Exception\\ClientException(code: 400): Client error: `POST https://rest.cleverreach.com/oauth/token.php` resulted in a `400 Bad Request` response:\n{\"error\":\"invalid_grant\",\"error_description\":\"Invalid refresh token\"}\n at /home/ethicals/public_html/wp-content/plugins/cf7-cleverreach-integration/vendor-prefixed/guzzlehttp/guzzle/src/Exception/RequestException.php:76)"] []
[2022-03-11 10:42:57] cf7-cleverreach.INFO: Refreshing API token. [] []
[2022-03-17 01:11:23] cf7-cleverreach.INFO: Refreshing API token. [] []
[2022-03-17 01:11:24] cf7-cleverreach.ERROR: Failed to refresh token. ["[object] (pxlrbt\\Cf7Cleverreach\\Vendor\\GuzzleHttp\\Exception\\ClientException(code: 400): Client error: `POST https://rest.cleverreach.com/oauth/token.php` resulted in a `400 Bad Request` response:\n{\"error\":\"invalid_grant\",\"error_description\":\"Invalid refresh token\"}\n at /home/ethicals/public_html/wp-content/plugins/cf7-cleverreach-integration/vendor-prefixed/guzzlehttp/guzzle/src/Exception/RequestException.php:76)"] []
[2022-03-17 19:27:19] cf7-cleverreach.INFO: Refreshing API token. [] []
[2022-03-24 01:37:30] cf7-cleverreach.INFO: Refreshing API token. [] []
[2022-03-24 01:37:30] cf7-cleverreach.ERROR: Failed to refresh token. ["[object] (pxlrbt\\Cf7Cleverreach\\Vendor\\GuzzleHttp\\Exception\\ClientException(code: 400): Client error: `POST https://rest.cleverreach.com/oauth/token.php` resulted in a `400 Bad Request` response:\n{\"error\":\"invalid_grant\",\"error_description\":\"Invalid refresh token\"}\n at /home/ethicals/public_html/wp-content/plugins/cf7-cleverreach-integration/vendor-prefixed/guzzlehttp/guzzle/src/Exception/RequestException.php:76)"] []
[2022-03-25 06:39:13] cf7-cleverreach.INFO: Refreshing API token. [] []
[2022-03-31 01:14:16] cf7-cleverreach.INFO: Refreshing API token. [] []
[2022-03-31 01:14:16] cf7-cleverreach.ERROR: Failed to refresh token. ["[object] (pxlrbt\\Cf7Cleverreach\\Vendor\\GuzzleHttp\\Exception\\ClientException(code: 400): Client error: `POST https://rest.cleverreach.com/oauth/token.php` resulted in a `400 Bad Request` response:\n{\"error\":\"invalid_grant\",\"error_description\":\"Invalid refresh token\"}\n at /home/ethicals/public_html/wp-content/plugins/cf7-cleverreach-integration/vendor-prefixed/guzzlehttp/guzzle/src/Exception/RequestException.php:76)"] []
[2022-03-31 20:36:28] cf7-cleverreach.INFO: Refreshing API token. [] []
[2022-04-07 01:17:54] cf7-cleverreach.INFO: Refreshing API token. [] []
[2022-04-07 01:17:55] cf7-cleverreach.ERROR: Failed to refresh token. ["[object] (pxlrbt\\Cf7Cleverreach\\Vendor\\GuzzleHttp\\Exception\\ClientException(code: 400): Client error: `POST https://rest.cleverreach.com/oauth/token.php` resulted in a `400 Bad Request` response:\n{\"error\":\"invalid_grant\",\"error_description\":\"Invalid refresh token\"}\n at /home/ethicals/public_html/wp-content/plugins/cf7-cleverreach-integration/vendor-prefixed/guzzlehttp/guzzle/src/Exception/RequestException.php:76)"] []
[2022-04-07 20:51:42] cf7-cleverreach.INFO: Refreshing API token. [] []
[2022-04-14 01:13:42] cf7-cleverreach.INFO: Refreshing API token. [] []
[2022-04-14 01:13:43] cf7-cleverreach.ERROR: Failed to refresh token. ["[object] (pxlrbt\\Cf7Cleverreach\\Vendor\\GuzzleHttp\\Exception\\ClientException(code: 400): Client error: `POST https://rest.cleverreach.com/oauth/token.php` resulted in a `400 Bad Request` response:\n{\"error\":\"invalid_grant\",\"error_description\":\"Invalid refresh token\"}\n at /home/ethicals/public_html/wp-content/plugins/cf7-cleverreach-integration/vendor-prefixed/guzzlehttp/guzzle/src/Exception/RequestException.php:76)"] []
[2022-04-14 21:34:27] cf7-cleverreach.INFO: Refreshing API token. [] []
[2022-04-21 01:14:44] cf7-cleverreach.INFO: Refreshing API token. [] []
[2022-04-21 01:14:44] cf7-cleverreach.ERROR: Failed to refresh token. ["[object] (pxlrbt\\Cf7Cleverreach\\Vendor\\GuzzleHttp\\Exception\\ClientException(code: 400): Client error: `POST https://rest.cleverreach.com/oauth/token.php` resulted in a `400 Bad Request` response:\n{\"error\":\"invalid_grant\",\"error_description\":\"Invalid refresh token\"}\n at /home/ethicals/public_html/wp-content/plugins/cf7-cleverreach-integration/vendor-prefixed/guzzlehttp/guzzle/src/Exception/RequestException.php:76)"] []
[2022-04-21 18:47:46] cf7-cleverreach.INFO: Refreshing API token. [] []
[2022-04-28 01:20:45] cf7-cleverreach.INFO: Refreshing API token. [] []
[2022-04-28 01:20:46] cf7-cleverreach.ERROR: Failed to refresh token. ["[object] (pxlrbt\\Cf7Cleverreach\\Vendor\\GuzzleHttp\\Exception\\ClientException(code: 400): Client error: `POST https://rest.cleverreach.com/oauth/token.php` resulted in a `400 Bad Request` response:\n{\"error\":\"invalid_grant\",\"error_description\":\"Invalid refresh token\"}\n at /home/ethicals/public_html/wp-content/plugins/cf7-cleverreach-integration/vendor-prefixed/guzzlehttp/guzzle/src/Exception/RequestException.php:76)"] []
[2022-04-28 22:02:58] cf7-cleverreach.INFO: Refreshing API token. [] []
[2022-05-05 01:16:28] cf7-cleverreach.INFO: Refreshing API token. [] []
[2022-05-05 01:16:29] cf7-cleverreach.ERROR: Failed to refresh token. ["[object] (pxlrbt\\Cf7Cleverreach\\Vendor\\GuzzleHttp\\Exception\\ClientException(code: 400): Client error: `POST https://rest.cleverreach.com/oauth/token.php` resulted in a `400 Bad Request` response:\n{\"error\":\"invalid_grant\",\"error_description\":\"Invalid refresh token\"}\n at /home/ethicals/public_html/wp-content/plugins/cf7-cleverreach-integration/vendor-prefixed/guzzlehttp/guzzle/src/Exception/RequestException.php:76)"] []
[2022-05-05 20:43:43] cf7-cleverreach.INFO: Refreshing API token. [] []
[2022-05-12 01:35:23] cf7-cleverreach.INFO: Refreshing API token. [] []
[2022-05-12 01:35:24] cf7-cleverreach.ERROR: Failed to refresh token. ["[object] (pxlrbt\\Cf7Cleverreach\\Vendor\\GuzzleHttp\\Exception\\ClientException(code: 400): Client error: `POST https://rest.cleverreach.com/oauth/token.php` resulted in a `400 Bad Request` response:\n{\"error\":\"invalid_grant\",\"error_description\":\"Invalid refresh token\"}\n at /home/ethicals/public_html/wp-content/plugins/cf7-cleverreach-integration/vendor-prefixed/guzzlehttp/guzzle/src/Exception/RequestException.php:76)"] []
[2022-05-12 18:04:17] cf7-cleverreach.INFO: Refreshing API token. [] []
[2022-05-17 10:09:03] cf7-cleverreach.ERROR: Failed adding/updating user. {"message":"Client error: `POST https://rest.cleverreach.com/v2/receivers/filter.json` resulted in a `401 Unauthorized` response:\n{\"error\":{\"code\":401,\"message\":\"Unauthorized: token expired\"}}\n","data":{"email":"foo-bar@example.com","listId":"510250","tags":["NewsletterEN"],"doubleOptIn":true,"source":"Signup Form","attributes":[],"globalAttributes":[]}} []
[2022-05-19 01:20:44] cf7-cleverreach.INFO: Refreshing API token. [] []
[2022-05-19 01:20:44] cf7-cleverreach.ERROR: Failed to refresh token. ["[object] (pxlrbt\\Cf7Cleverreach\\Vendor\\GuzzleHttp\\Exception\\ClientException(code: 400): Client error: `POST https://rest.cleverreach.com/oauth/token.php` resulted in a `400 Bad Request` response:\n{\"error\":\"invalid_grant\",\"error_description\":\"Invalid refresh token\"}\n at /home/ethicals/public_html/wp-content/plugins/cf7-cleverreach-integration/vendor-prefixed/guzzlehttp/guzzle/src/Exception/RequestException.php:76)"] []
[2022-05-19 21:55:34] cf7-cleverreach.INFO: Refreshing API token. [] []
[2022-05-26 01:11:49] cf7-cleverreach.INFO: Refreshing API token. [] []
[2022-05-26 01:11:49] cf7-cleverreach.ERROR: Failed to refresh token. ["[object] (pxlrbt\\Cf7Cleverreach\\Vendor\\GuzzleHttp\\Exception\\ClientException(code: 400): Client error: `POST https://rest.cleverreach.com/oauth/token.php` resulted in a `400 Bad Request` response:\n{\"error\":\"invalid_grant\",\"error_description\":\"Invalid refresh token\"}\n at /home/ethicals/public_html/wp-content/plugins/cf7-cleverreach-integration/vendor-prefixed/guzzlehttp/guzzle/src/Exception/RequestException.php:76)"] []
[2022-05-26 18:32:17] cf7-cleverreach.INFO: Refreshing API token. [] []
[2022-06-02 01:19:14] cf7-cleverreach.INFO: Refreshing API token. [] []
[2022-06-02 01:19:15] cf7-cleverreach.ERROR: Failed to refresh token. ["[object] (pxlrbt\\Cf7Cleverreach\\Vendor\\GuzzleHttp\\Exception\\ClientException(code: 400): Client error: `POST https://rest.cleverreach.com/oauth/token.php` resulted in a `400 Bad Request` response:\n{\"error\":\"invalid_grant\",\"error_description\":\"Invalid refresh token\"}\n at /home/ethicals/public_html/wp-content/plugins/cf7-cleverreach-integration/vendor-prefixed/guzzlehttp/guzzle/src/Exception/RequestException.php:76)"] []
[2022-06-03 01:29:56] cf7-cleverreach.INFO: Refreshing API token. [] []
[2022-06-09 01:08:28] cf7-cleverreach.INFO: Refreshing API token. [] []
[2022-06-09 01:08:28] cf7-cleverreach.ERROR: Failed to refresh token. ["[object] (pxlrbt\\Cf7Cleverreach\\Vendor\\GuzzleHttp\\Exception\\ClientException(code: 400): Client error: `POST https://rest.cleverreach.com/oauth/token.php` resulted in a `400 Bad Request` response:\n{\"error\":\"invalid_grant\",\"error_description\":\"Invalid refresh token\"}\n at /home/ethicals/public_html/wp-content/plugins/cf7-cleverreach-integration/vendor-prefixed/guzzlehttp/guzzle/src/Exception/RequestException.php:76)"] []
[2022-06-10 00:55:27] cf7-cleverreach.INFO: Refreshing API token. [] []
[2022-06-16 01:19:15] cf7-cleverreach.INFO: Refreshing API token. [] []
[2022-06-16 01:19:16] cf7-cleverreach.ERROR: Failed to refresh token. ["[object] (pxlrbt\\Cf7Cleverreach\\Vendor\\GuzzleHttp\\Exception\\ClientException(code: 400): Client error: `POST https://rest.cleverreach.com/oauth/token.php` resulted in a `400 Bad Request` response:\n{\"error\":\"invalid_grant\",\"error_description\":\"Invalid refresh token\"}\n at /home/ethicals/public_html/wp-content/plugins/cf7-cleverreach-integration/vendor-prefixed/guzzlehttp/guzzle/src/Exception/RequestException.php:76)"] []
[2022-06-16 18:19:35] cf7-cleverreach.INFO: Refreshing API token. [] []
[2022-06-23 01:08:45] cf7-cleverreach.INFO: Refreshing API token. [] []
[2022-06-23 01:08:45] cf7-cleverreach.ERROR: Failed to refresh token. ["[object] (pxlrbt\\Cf7Cleverreach\\Vendor\\GuzzleHttp\\Exception\\ClientException(code: 400): Client error: `POST https://rest.cleverreach.com/oauth/token.php` resulted in a `400 Bad Request` response:\n{\"error\":\"invalid_grant\",\"error_description\":\"Invalid refresh token\"}\n at /home/ethicals/public_html/wp-content/plugins/cf7-cleverreach-integration/vendor-prefixed/guzzlehttp/guzzle/src/Exception/RequestException.php:76)"] []
[2022-06-23 18:43:09] cf7-cleverreach.INFO: Refreshing API token. [] []
[2022-06-30 01:13:11] cf7-cleverreach.INFO: Refreshing API token. [] []
[2022-06-30 20:11:10] cf7-cleverreach.INFO: Refreshing API token. [] []
[2022-07-07 01:10:39] cf7-cleverreach.INFO: Refreshing API token. [] []
[2022-07-07 20:28:38] cf7-cleverreach.INFO: Refreshing API token. [] []
[2022-07-14 01:34:59] cf7-cleverreach.INFO: Refreshing API token. [] []
[2022-07-14 22:09:42] cf7-cleverreach.INFO: Refreshing API token. [] []
[2022-07-21 01:30:43] cf7-cleverreach.INFO: Refreshing API token. [] []
[2022-07-21 18:06:40] cf7-cleverreach.INFO: Refreshing API token. [] []
[2022-07-28 01:16:32] cf7-cleverreach.INFO: Refreshing API token. [] []
[2022-07-28 21:38:26] cf7-cleverreach.INFO: Refreshing API token. [] []
[2022-08-04 01:12:54] cf7-cleverreach.INFO: Refreshing API token. [] []
[2022-08-04 18:05:33] cf7-cleverreach.INFO: Refreshing API token. [] []
[2022-08-11 01:09:49] cf7-cleverreach.INFO: Refreshing API token. [] []
[2022-08-11 18:05:56] cf7-cleverreach.INFO: Refreshing API token. [] []
[2022-08-18 01:12:27] cf7-cleverreach.INFO: Refreshing API token. [] []
[2022-08-18 18:29:04] cf7-cleverreach.INFO: Refreshing API token. [] []
[2022-08-25 01:22:16] cf7-cleverreach.INFO: Refreshing API token. [] []
[2022-08-25 18:05:19] cf7-cleverreach.INFO: Refreshing API token. [] []
[2022-09-01 01:18:29] cf7-cleverreach.INFO: Refreshing API token. [] []
[2022-09-01 18:42:52] cf7-cleverreach.INFO: Refreshing API token. [] []
[2022-09-08 01:10:26] cf7-cleverreach.INFO: Refreshing API token. [] []
[2022-09-08 19:20:11] cf7-cleverreach.INFO: Refreshing API token. [] []
[2022-09-15 01:14:46] cf7-cleverreach.INFO: Refreshing API token. [] []
[2022-09-15 18:02:24] cf7-cleverreach.INFO: Refreshing API token. [] []
[2022-09-22 01:14:48] cf7-cleverreach.INFO: Refreshing API token. [] []
[2022-09-22 18:53:29] cf7-cleverreach.INFO: Refreshing API token. [] []
[2022-09-29 01:08:44] cf7-cleverreach.INFO: Refreshing API token. [] []
[2022-09-29 19:23:42] cf7-cleverreach.INFO: Refreshing API token. [] []
[2022-10-06 01:48:04] cf7-cleverreach.INFO: Refreshing API token. [] []
[2022-10-06 20:26:44] cf7-cleverreach.INFO: Refreshing API token. [] []
[2022-10-13 01:29:37] cf7-cleverreach.INFO: Refreshing API token. [] []
[2022-10-13 21:58:42] cf7-cleverreach.INFO: Refreshing API token. [] []
[2022-10-20 01:09:40] cf7-cleverreach.INFO: Refreshing API token. [] []
[2022-10-20 18:02:22] cf7-cleverreach.INFO: Refreshing API token. [] []
[2022-10-27 01:12:36] cf7-cleverreach.INFO: Refreshing API token. [] []
[2022-10-27 18:05:34] cf7-cleverreach.INFO: Refreshing API token. [] []
[2022-11-03 01:11:01] cf7-cleverreach.INFO: Refreshing API token. [] []
[2022-11-03 19:26:35] cf7-cleverreach.INFO: Refreshing API token. [] []
[2022-11-10 01:11:35] cf7-cleverreach.INFO: Refreshing API token. [] []
[2022-11-10 18:23:46] cf7-cleverreach.INFO: Refreshing API token. [] []
[2022-11-17 01:14:42] cf7-cleverreach.INFO: Refreshing API token. [] []
[2022-11-17 18:17:19] cf7-cleverreach.INFO: Refreshing API token. [] []
[2022-11-24 01:22:08] cf7-cleverreach.INFO: Refreshing API token. [] []
[2022-11-24 18:44:46] cf7-cleverreach.INFO: Refreshing API token. [] []
[2022-12-01 01:21:48] cf7-cleverreach.INFO: Refreshing API token. [] []
[2022-12-01 22:01:38] cf7-cleverreach.INFO: Refreshing API token. [] []
[2022-12-08 01:13:48] cf7-cleverreach.INFO: Refreshing API token. [] []
[2022-12-08 18:09:57] cf7-cleverreach.INFO: Refreshing API token. [] []
[2022-12-15 01:11:33] cf7-cleverreach.INFO: Refreshing API token. [] []
[2022-12-15 18:06:11] cf7-cleverreach.INFO: Refreshing API token. [] []
[2022-12-22 01:12:27] cf7-cleverreach.INFO: Refreshing API token. [] []
[2022-12-22 18:03:56] cf7-cleverreach.INFO: Refreshing API token. [] []
[2022-12-29 01:28:43] cf7-cleverreach.INFO: Refreshing API token. [] []
[2022-12-29 18:16:46] cf7-cleverreach.INFO: Refreshing API token. [] []
[2023-01-05 01:39:53] cf7-cleverreach.INFO: Refreshing API token. [] []
[2023-01-05 18:09:26] cf7-cleverreach.INFO: Refreshing API token. [] []
[2023-01-12 01:24:25] cf7-cleverreach.INFO: Refreshing API token. [] []
[2023-01-12 18:05:51] cf7-cleverreach.INFO: Refreshing API token. [] []
[2023-01-19 01:10:26] cf7-cleverreach.INFO: Refreshing API token. [] []
[2023-01-19 18:58:37] cf7-cleverreach.INFO: Refreshing API token. [] []
[2023-01-26 01:14:08] cf7-cleverreach.INFO: Refreshing API token. [] []
[2023-01-26 18:32:13] cf7-cleverreach.INFO: Refreshing API token. [] []
[2023-02-02 01:09:27] cf7-cleverreach.INFO: Refreshing API token. [] []
[2023-02-02 18:48:15] cf7-cleverreach.INFO: Refreshing API token. [] []
[2023-02-09 01:15:07] cf7-cleverreach.INFO: Refreshing API token. [] []
[2023-02-09 19:43:01] cf7-cleverreach.INFO: Refreshing API token. [] []
[2023-02-16 01:08:48] cf7-cleverreach.INFO: Refreshing API token. [] []
[2023-02-16 18:02:24] cf7-cleverreach.INFO: Refreshing API token. [] []
[2023-02-23 01:21:37] cf7-cleverreach.INFO: Refreshing API token. [] []
[2023-02-23 18:03:31] cf7-cleverreach.INFO: Refreshing API token. [] []
[2023-03-02 01:10:30] cf7-cleverreach.INFO: Refreshing API token. [] []
[2023-03-02 18:21:47] cf7-cleverreach.INFO: Refreshing API token. [] []
[2023-03-09 01:22:53] cf7-cleverreach.INFO: Refreshing API token. [] []
[2023-03-09 19:20:26] cf7-cleverreach.INFO: Refreshing API token. [] []
[2023-03-16 01:11:58] cf7-cleverreach.INFO: Refreshing API token. [] []
[2023-03-16 18:35:44] cf7-cleverreach.INFO: Refreshing API token. [] []
[2023-03-23 01:13:36] cf7-cleverreach.INFO: Refreshing API token. [] []
[2023-03-23 18:20:16] cf7-cleverreach.INFO: Refreshing API token. [] []
[2023-03-30 01:13:59] cf7-cleverreach.INFO: Refreshing API token. [] []
[2023-03-30 19:41:15] cf7-cleverreach.INFO: Refreshing API token. [] []
[2023-04-06 01:08:37] cf7-cleverreach.INFO: Refreshing API token. [] []
[2023-04-06 18:30:50] cf7-cleverreach.INFO: Refreshing API token. [] []
[2023-04-13 01:17:43] cf7-cleverreach.INFO: Refreshing API token. [] []
[2023-04-13 18:17:48] cf7-cleverreach.INFO: Refreshing API token. [] []
[2023-04-20 01:26:53] cf7-cleverreach.INFO: Refreshing API token. [] []
[2023-04-20 20:34:57] cf7-cleverreach.INFO: Refreshing API token. [] []
[2023-04-27 01:43:22] cf7-cleverreach.INFO: Refreshing API token. [] []
[2023-04-27 18:21:25] cf7-cleverreach.INFO: Refreshing API token. [] []
[2023-05-04 01:16:33] cf7-cleverreach.INFO: Refreshing API token. [] []
[2023-05-04 18:48:52] cf7-cleverreach.INFO: Refreshing API token. [] []
[2023-05-11 01:15:39] cf7-cleverreach.INFO: Refreshing API token. [] []
[2023-05-11 18:22:34] cf7-cleverreach.INFO: Refreshing API token. [] []
[2023-05-18 01:10:07] cf7-cleverreach.INFO: Refreshing API token. [] []
[2023-05-18 18:24:06] cf7-cleverreach.INFO: Refreshing API token. [] []
[2023-05-25 01:09:27] cf7-cleverreach.INFO: Refreshing API token. [] []
[2023-05-25 18:52:09] cf7-cleverreach.INFO: Refreshing API token. [] []
[2023-06-01 01:13:58] cf7-cleverreach.INFO: Refreshing API token. [] []
[2023-06-01 18:09:05] cf7-cleverreach.INFO: Refreshing API token. [] []
[2023-06-08 01:08:40] cf7-cleverreach.INFO: Refreshing API token. [] []
[2023-06-08 18:16:36] cf7-cleverreach.INFO: Refreshing API token. [] []
[2023-06-15 01:17:24] cf7-cleverreach.INFO: Refreshing API token. [] []
[2023-06-15 18:10:38] cf7-cleverreach.INFO: Refreshing API token. [] []
[2023-06-22 01:13:07] cf7-cleverreach.INFO: Refreshing API token. [] []
[2023-06-22 18:09:44] cf7-cleverreach.INFO: Refreshing API token. [] []
[2023-06-29 01:13:07] cf7-cleverreach.INFO: Refreshing API token. [] []
[2023-06-29 18:06:12] cf7-cleverreach.INFO: Refreshing API token. [] []
[2023-07-06 01:09:13] cf7-cleverreach.INFO: Refreshing API token. [] []
[2023-07-06 18:07:48] cf7-cleverreach.INFO: Refreshing API token. [] []
[2023-07-13 01:36:08] cf7-cleverreach.INFO: Refreshing API token. [] []
[2023-07-13 18:26:34] cf7-cleverreach.INFO: Refreshing API token. [] []
[2023-07-20 01:11:00] cf7-cleverreach.INFO: Refreshing API token. [] []
[2023-07-20 19:03:41] cf7-cleverreach.INFO: Refreshing API token. [] []
[2023-07-27 01:14:31] cf7-cleverreach.INFO: Refreshing API token. [] []
[2023-07-27 18:04:18] cf7-cleverreach.INFO: Refreshing API token. [] []
[2023-08-03 01:27:38] cf7-cleverreach.INFO: Refreshing API token. [] []
[2023-08-03 18:03:17] cf7-cleverreach.INFO: Refreshing API token. [] []
[2023-08-10 01:11:36] cf7-cleverreach.INFO: Refreshing API token. [] []
[2023-08-10 19:05:37] cf7-cleverreach.INFO: Refreshing API token. [] []
[2023-08-17 01:20:48] cf7-cleverreach.INFO: Refreshing API token. [] []
[2023-08-17 18:02:39] cf7-cleverreach.INFO: Refreshing API token. [] []
[2023-08-24 01:16:35] cf7-cleverreach.INFO: Refreshing API token. [] []
[2023-08-24 19:26:22] cf7-cleverreach.INFO: Refreshing API token. [] []
[2023-08-31 01:14:16] cf7-cleverreach.INFO: Refreshing API token. [] []
[2023-08-31 18:03:19] cf7-cleverreach.INFO: Refreshing API token. [] []
[2023-09-07 01:09:34] cf7-cleverreach.INFO: Refreshing API token. [] []
[2023-09-07 18:02:28] cf7-cleverreach.INFO: Refreshing API token. [] []
[2023-09-14 01:21:47] cf7-cleverreach.INFO: Refreshing API token. [] []
[2023-09-14 18:03:25] cf7-cleverreach.INFO: Refreshing API token. [] []
[2023-09-21 01:11:35] cf7-cleverreach.INFO: Refreshing API token. [] []
[2023-09-21 18:37:59] cf7-cleverreach.INFO: Refreshing API token. [] []
[2023-09-28 01:14:20] cf7-cleverreach.INFO: Refreshing API token. [] []
[2023-09-28 18:08:36] cf7-cleverreach.INFO: Refreshing API token. [] []
[2023-10-05 01:28:29] cf7-cleverreach.INFO: Refreshing API token. [] []
[2023-10-05 18:20:30] cf7-cleverreach.INFO: Refreshing API token. [] []
[2023-10-12 01:13:25] cf7-cleverreach.INFO: Refreshing API token. [] []
[2023-10-12 18:31:13] cf7-cleverreach.INFO: Refreshing API token. [] []
[2023-10-19 01:16:33] cf7-cleverreach.INFO: Refreshing API token. [] []
[2023-10-19 18:24:07] cf7-cleverreach.INFO: Refreshing API token. [] []
[2023-10-26 01:17:01] cf7-cleverreach.INFO: Refreshing API token. [] []
[2023-10-26 18:35:17] cf7-cleverreach.INFO: Refreshing API token. [] []
[2023-11-02 01:19:22] cf7-cleverreach.INFO: Refreshing API token. [] []
[2023-11-02 18:09:59] cf7-cleverreach.INFO: Refreshing API token. [] []
[2023-11-09 01:10:35] cf7-cleverreach.INFO: Refreshing API token. [] []
[2023-11-09 19:23:39] cf7-cleverreach.INFO: Refreshing API token. [] []
[2023-11-16 01:12:17] cf7-cleverreach.INFO: Refreshing API token. [] []
[2023-11-16 18:02:11] cf7-cleverreach.INFO: Refreshing API token. [] []
[2023-11-23 01:25:22] cf7-cleverreach.INFO: Refreshing API token. [] []
[2023-11-23 18:28:25] cf7-cleverreach.INFO: Refreshing API token. [] []
[2023-11-30 01:18:12] cf7-cleverreach.INFO: Refreshing API token. [] []
[2023-11-30 18:11:36] cf7-cleverreach.INFO: Refreshing API token. [] []
[2023-12-07 01:14:58] cf7-cleverreach.INFO: Refreshing API token. [] []
[2023-12-07 18:06:49] cf7-cleverreach.INFO: Refreshing API token. [] []
[2023-12-14 01:16:26] cf7-cleverreach.INFO: Refreshing API token. [] []
[2023-12-14 18:03:57] cf7-cleverreach.INFO: Refreshing API token. [] []
[2023-12-21 01:21:33] cf7-cleverreach.INFO: Refreshing API token. [] []
[2023-12-21 18:02:57] cf7-cleverreach.INFO: Refreshing API token. [] []
[2023-12-28 01:09:12] cf7-cleverreach.INFO: Refreshing API token. [] []
[2023-12-28 18:02:03] cf7-cleverreach.INFO: Refreshing API token. [] []
[2024-01-04 01:09:56] cf7-cleverreach.INFO: Refreshing API token. [] []
[2024-01-04 18:29:45] cf7-cleverreach.INFO: Refreshing API token. [] []
[2024-01-11 01:10:13] cf7-cleverreach.INFO: Refreshing API token. [] []
[2024-01-11 18:28:59] cf7-cleverreach.INFO: Refreshing API token. [] []
[2024-01-18 01:38:15] cf7-cleverreach.INFO: Refreshing API token. [] []
[2024-01-18 18:37:38] cf7-cleverreach.INFO: Refreshing API token. [] []
[2024-01-25 01:24:26] cf7-cleverreach.INFO: Refreshing API token. [] []
[2024-01-25 18:02:22] cf7-cleverreach.INFO: Refreshing API token. [] []
[2024-02-01 01:10:39] cf7-cleverreach.INFO: Refreshing API token. [] []
[2024-02-01 18:16:03] cf7-cleverreach.INFO: Refreshing API token. [] []
[2024-02-08 01:33:20] cf7-cleverreach.INFO: Refreshing API token. [] []
[2024-02-08 18:05:35] cf7-cleverreach.INFO: Refreshing API token. [] []
[2024-02-15 01:09:53] cf7-cleverreach.INFO: Refreshing API token. [] []
[2024-02-15 18:04:22] cf7-cleverreach.INFO: Refreshing API token. [] []
[2024-02-22 01:09:15] cf7-cleverreach.INFO: Refreshing API token. [] []
[2024-02-22 18:04:36] cf7-cleverreach.INFO: Refreshing API token. [] []
[2024-02-29 01:10:02] cf7-cleverreach.INFO: Refreshing API token. [] []
[2024-02-29 18:12:00] cf7-cleverreach.INFO: Refreshing API token. [] []
[2024-03-07 01:08:31] cf7-cleverreach.INFO: Refreshing API token. [] []
[2024-03-07 18:14:42] cf7-cleverreach.INFO: Refreshing API token. [] []
[2024-03-14 01:20:06] cf7-cleverreach.INFO: Refreshing API token. [] []
[2024-03-14 18:42:10] cf7-cleverreach.INFO: Refreshing API token. [] []
[2024-03-21 01:20:40] cf7-cleverreach.INFO: Refreshing API token. [] []
[2024-03-21 18:03:52] cf7-cleverreach.INFO: Refreshing API token. [] []
[2024-03-28 01:08:15] cf7-cleverreach.INFO: Refreshing API token. [] []
[2024-03-28 18:07:18] cf7-cleverreach.INFO: Refreshing API token. [] []
[2024-04-04 01:11:09] cf7-cleverreach.INFO: Refreshing API token. [] []
[2024-04-04 18:25:14] cf7-cleverreach.INFO: Refreshing API token. [] []
[2024-04-11 01:11:26] cf7-cleverreach.INFO: Refreshing API token. [] []
[2024-04-11 18:30:44] cf7-cleverreach.INFO: Refreshing API token. [] []
[2024-04-18 01:12:32] cf7-cleverreach.INFO: Refreshing API token. [] []
[2024-04-18 18:04:20] cf7-cleverreach.INFO: Refreshing API token. [] []
[2024-04-25 01:20:41] cf7-cleverreach.INFO: Refreshing API token. [] []
[2024-04-25 18:34:35] cf7-cleverreach.INFO: Refreshing API token. [] []
[2024-05-02 01:19:24] cf7-cleverreach.INFO: Refreshing API token. [] []
[2024-05-02 18:02:56] cf7-cleverreach.INFO: Refreshing API token. [] []
[2024-05-09 01:14:14] cf7-cleverreach.INFO: Refreshing API token. [] []
[2024-05-09 18:02:38] cf7-cleverreach.INFO: Refreshing API token. [] []
[2024-05-16 01:08:14] cf7-cleverreach.INFO: Refreshing API token. [] []
[2024-05-16 18:20:44] cf7-cleverreach.INFO: Refreshing API token. [] []
[2024-05-23 01:14:17] cf7-cleverreach.INFO: Refreshing API token. [] []
[2024-05-23 18:07:55] cf7-cleverreach.INFO: Refreshing API token. [] []
[2024-05-30 01:56:19] cf7-cleverreach.INFO: Refreshing API token. [] []
[2024-05-30 18:17:34] cf7-cleverreach.INFO: Refreshing API token. [] []
[2024-06-06 01:09:09] cf7-cleverreach.INFO: Refreshing API token. [] []
[2024-06-06 18:20:25] cf7-cleverreach.INFO: Refreshing API token. [] []
[2024-06-11 19:01:33] cf7-cleverreach.ERROR: Failed adding/updating user. {"message":"Client error: `POST https://rest.cleverreach.com/v2/groups.json/510264/receivers` resulted in a `400 Bad Request` response:\n{\"error\":{\"code\":400,\"message\":\"Bad Request: \\\"duplicate address 'kay.xx@hotmail.com'\\\"\"}}\n","data":{"email":"kay.xx@hotmail.com","listId":"510264","tags":[""],"doubleOptIn":false,"source":"","attributes":[],"globalAttributes":[]}} []
[2024-06-13 01:10:12] cf7-cleverreach.INFO: Refreshing API token. [] []
[2024-06-13 18:03:43] cf7-cleverreach.INFO: Refreshing API token. [] []
[2024-06-20 01:25:13] cf7-cleverreach.INFO: Refreshing API token. [] []
[2024-06-20 18:11:45] cf7-cleverreach.INFO: Refreshing API token. [] []
[2024-06-27 01:08:36] cf7-cleverreach.INFO: Refreshing API token. [] []
[2024-06-27 18:36:52] cf7-cleverreach.INFO: Refreshing API token. [] []
[2024-07-04 01:09:30] cf7-cleverreach.INFO: Refreshing API token. [] []
[2024-07-04 18:02:17] cf7-cleverreach.INFO: Refreshing API token. [] []
[2024-07-11 01:23:18] cf7-cleverreach.INFO: Refreshing API token. [] []
[2024-07-11 18:05:06] cf7-cleverreach.INFO: Refreshing API token. [] []
[2024-07-18 01:36:13] cf7-cleverreach.INFO: Refreshing API token. [] []
[2024-07-18 18:11:43] cf7-cleverreach.INFO: Refreshing API token. [] []
[2024-07-25 01:26:01] cf7-cleverreach.INFO: Refreshing API token. [] []
[2024-07-25 18:03:40] cf7-cleverreach.INFO: Refreshing API token. [] []
[2024-08-01 01:10:20] cf7-cleverreach.INFO: Refreshing API token. [] []
[2024-08-01 18:04:48] cf7-cleverreach.INFO: Refreshing API token. [] []
[2024-08-08 01:22:19] cf7-cleverreach.INFO: Refreshing API token. [] []
[2024-08-08 18:15:45] cf7-cleverreach.INFO: Refreshing API token. [] []
[2024-08-15 01:12:33] cf7-cleverreach.INFO: Refreshing API token. [] []
[2024-08-15 18:07:24] cf7-cleverreach.INFO: Refreshing API token. [] []
[2024-08-22 01:15:17] cf7-cleverreach.INFO: Refreshing API token. [] []
[2024-08-22 19:22:09] cf7-cleverreach.INFO: Refreshing API token. [] []
[2024-08-29 01:11:32] cf7-cleverreach.INFO: Refreshing API token. [] []
[2024-08-29 18:03:11] cf7-cleverreach.INFO: Refreshing API token. [] []
[2024-09-05 01:20:35] cf7-cleverreach.INFO: Refreshing API token. [] []
[2024-09-05 18:02:47] cf7-cleverreach.INFO: Refreshing API token. [] []
[2024-09-12 01:14:23] cf7-cleverreach.INFO: Refreshing API token. [] []
[2024-09-12 18:03:29] cf7-cleverreach.INFO: Refreshing API token. [] []
[2024-09-19 01:10:53] cf7-cleverreach.INFO: Refreshing API token. [] []
[2024-09-19 18:02:57] cf7-cleverreach.INFO: Refreshing API token. [] []
[2024-09-26 01:26:59] cf7-cleverreach.INFO: Refreshing API token. [] []
[2024-09-26 18:02:22] cf7-cleverreach.INFO: Refreshing API token. [] []
[2024-10-03 01:08:49] cf7-cleverreach.INFO: Refreshing API token. [] []
[2024-10-03 18:02:35] cf7-cleverreach.INFO: Refreshing API token. [] []
[2024-10-04 15:48:51] cf7-cleverreach.ERROR: Client error: `POST https://rest.cleverreach.com/oauth/token.php` resulted in a `400 Bad Request` response: {"error":"invalid_grant","error_description":"Authorization code doesn't exist or is invalid for the client"}  ["[object] (pxlrbt\\Cf7Cleverreach\\Vendor\\GuzzleHttp\\Exception\\ClientException(code: 400): Client error: `POST https://rest.cleverreach.com/oauth/token.php` resulted in a `400 Bad Request` response:\n{\"error\":\"invalid_grant\",\"error_description\":\"Authorization code doesn't exist or is invalid for the client\"}\n at /home/ethicals/public_html/wp-content/plugins/cf7-cleverreach-integration/vendor-prefixed/guzzlehttp/guzzle/src/Exception/RequestException.php:76)"] []
[2024-10-10 01:08:22] cf7-cleverreach.INFO: Refreshing API token. [] []
[2024-10-10 18:05:55] cf7-cleverreach.INFO: Refreshing API token. [] []
[2024-10-17 01:24:32] cf7-cleverreach.INFO: Refreshing API token. [] []
[2024-10-17 18:13:11] cf7-cleverreach.INFO: Refreshing API token. [] []
[2024-10-24 01:18:24] cf7-cleverreach.INFO: Refreshing API token. [] []
[2024-10-24 18:02:32] cf7-cleverreach.INFO: Refreshing API token. [] []
[2024-10-31 01:18:59] cf7-cleverreach.INFO: Refreshing API token. [] []
[2024-10-31 18:03:47] cf7-cleverreach.INFO: Refreshing API token. [] []
[2024-11-07 01:13:31] cf7-cleverreach.INFO: Refreshing API token. [] []
[2024-11-07 18:18:27] cf7-cleverreach.INFO: Refreshing API token. [] []
[2024-11-14 01:13:26] cf7-cleverreach.INFO: Refreshing API token. [] []
[2024-11-14 18:38:25] cf7-cleverreach.INFO: Refreshing API token. [] []
[2024-11-21 01:14:19] cf7-cleverreach.INFO: Refreshing API token. [] []
[2024-11-21 18:03:36] cf7-cleverreach.INFO: Refreshing API token. [] []
[2024-11-28 01:12:40] cf7-cleverreach.INFO: Refreshing API token. [] []
[2024-11-28 18:06:16] cf7-cleverreach.INFO: Refreshing API token. [] []
[2024-12-05 01:13:28] cf7-cleverreach.INFO: Refreshing API token. [] []
[2024-12-05 18:15:02] cf7-cleverreach.INFO: Refreshing API token. [] []
[2024-12-12 01:08:39] cf7-cleverreach.INFO: Refreshing API token. [] []
[2024-12-12 19:07:29] cf7-cleverreach.INFO: Refreshing API token. [] []
[2024-12-19 01:27:02] cf7-cleverreach.INFO: Refreshing API token. [] []
[2024-12-19 18:08:15] cf7-cleverreach.INFO: Refreshing API token. [] []
[2024-12-26 01:18:02] cf7-cleverreach.INFO: Refreshing API token. [] []
[2024-12-26 18:04:09] cf7-cleverreach.INFO: Refreshing API token. [] []
[2025-01-02 01:09:55] cf7-cleverreach.INFO: Refreshing API token. [] []
[2025-01-02 18:09:26] cf7-cleverreach.INFO: Refreshing API token. [] []
[2025-01-09 01:15:44] cf7-cleverreach.INFO: Refreshing API token. [] []
[2025-01-09 18:09:20] cf7-cleverreach.INFO: Refreshing API token. [] []
[2025-01-16 01:09:46] cf7-cleverreach.INFO: Refreshing API token. [] []
[2025-01-16 18:02:21] cf7-cleverreach.INFO: Refreshing API token. [] []
[2025-01-23 01:20:52] cf7-cleverreach.INFO: Refreshing API token. [] []
[2025-01-23 18:02:53] cf7-cleverreach.INFO: Refreshing API token. [] []
[2025-01-30 01:11:52] cf7-cleverreach.INFO: Refreshing API token. [] []
[2025-01-30 18:03:25] cf7-cleverreach.INFO: Refreshing API token. [] []
[2025-02-06 01:09:51] cf7-cleverreach.INFO: Refreshing API token. [] []
[2025-02-06 18:02:00] cf7-cleverreach.INFO: Refreshing API token. [] []
[2025-02-13 01:11:26] cf7-cleverreach.INFO: Refreshing API token. [] []
[2025-02-13 18:02:43] cf7-cleverreach.INFO: Refreshing API token. [] []
[2025-02-20 01:24:58] cf7-cleverreach.INFO: Refreshing API token. [] []
[2025-02-20 18:02:11] cf7-cleverreach.INFO: Refreshing API token. [] []
[2025-02-27 01:16:10] cf7-cleverreach.INFO: Refreshing API token. [] []
[2025-02-27 18:15:50] cf7-cleverreach.INFO: Refreshing API token. [] []
[2025-03-06 01:09:56] cf7-cleverreach.INFO: Refreshing API token. [] []
[2025-03-06 18:10:12] cf7-cleverreach.INFO: Refreshing API token. [] []
[2025-03-13 01:09:57] cf7-cleverreach.INFO: Refreshing API token. [] []
[2025-03-13 18:15:56] cf7-cleverreach.INFO: Refreshing API token. [] []
[2025-03-20 01:08:52] cf7-cleverreach.INFO: Refreshing API token. [] []
[2025-03-20 18:04:00] cf7-cleverreach.INFO: Refreshing API token. [] []
[2025-03-27 01:26:37] cf7-cleverreach.INFO: Refreshing API token. [] []
[2025-03-27 18:03:29] cf7-cleverreach.INFO: Refreshing API token. [] []
[2025-04-03 01:27:27] cf7-cleverreach.INFO: Refreshing API token. [] []
[2025-04-03 18:11:47] cf7-cleverreach.INFO: Refreshing API token. [] []
[2025-04-10 01:15:05] cf7-cleverreach.INFO: Refreshing API token. [] []
[2025-04-10 18:04:52] cf7-cleverreach.INFO: Refreshing API token. [] []
[2025-04-17 01:09:14] cf7-cleverreach.INFO: Refreshing API token. [] []
[2025-04-17 18:03:05] cf7-cleverreach.INFO: Refreshing API token. [] []
[2025-04-24 01:11:17] cf7-cleverreach.INFO: Refreshing API token. [] []
[2025-04-24 18:07:32] cf7-cleverreach.INFO: Refreshing API token. [] []
[2025-05-01 01:10:57] cf7-cleverreach.INFO: Refreshing API token. [] []
[2025-05-01 18:13:04] cf7-cleverreach.INFO: Refreshing API token. [] []
[2025-05-08 01:13:04] cf7-cleverreach.INFO: Refreshing API token. [] []
[2025-05-08 18:09:18] cf7-cleverreach.INFO: Refreshing API token. [] []
